2025-04-24 18:21:43,834 - INFO - Application started
2025-04-24 18:31:34,148 - INFO - Application started
2025-04-24 18:31:41,567 - INFO - Testing connection to (localdb)\\MSSQLLocalDB
2025-04-24 18:31:41,572 - INFO - Attempting connection with string: ****D****R****I****V****E****R****=****{****O****D****B****C**** ****D****r****i****v****e****r**** ****1****7**** ****f****o****r**** ****S****Q****L**** ****S****e****r****v****e****r****}****;****S****E****R****V****E****R****=****(****l****o****c****a****l****d****b****)****\****\****M****S****S****Q****L****L****o****c****a****l****D****B****;****D****A****T****A****B****A****S****E****=****M****e****d****i****c****a****l****S****t****o****r****e****P****O****S****;****T****r****u****s****t****e****d****_****C****o****n****n****e****c****t****i****o****n****=****y****e****s****;****
2025-04-24 18:31:56,603 - ERROR - Connection failed: ('08001', '[08001] [Microsoft][ODBC Driver 17 for SQL Server]SQL Server Network Interfaces:  (-1983577829) (SQLDriverConnect); [08001] [Microsoft][ODBC Driver 17 for SQL Server]Login timeout expired (0); [08001] [Microsoft][ODBC Driver 17 for SQL Server]A network-related or instance-specific error has occurred while establishing a connection to SQL Server. Server is not found or not accessible. Check if instance name is correct and if SQL Server is configured to allow remote connections. For more information see SQL Server Books Online. (-1983577829)')
2025-04-24 19:29:34,353 - INFO - Application started
2025-04-24 19:30:22,006 - INFO - Application started
2025-04-24 19:30:27,428 - INFO - Testing connection to (localdb)\\MSSQLLocalDB
2025-04-24 19:30:27,433 - INFO - Attempting connection with string: ****D****R****I****V****E****R****=****{****O****D****B****C**** ****D****r****i****v****e****r**** ****1****7**** ****f****o****r**** ****S****Q****L**** ****S****e****r****v****e****r****}****;****S****E****R****V****E****R****=****(****l****o****c****a****l****d****b****)****\****\****M****S****S****Q****L****L****o****c****a****l****D****B****;****D****A****T****A****B****A****S****E****=****M****e****d****i****c****a****l****S****t****o****r****e****P****O****S****;****T****r****u****s****t****e****d****_****C****o****n****n****e****c****t****i****o****n****=****y****e****s****;****
2025-04-24 19:38:27,118 - INFO - Application started
2025-04-24 19:38:33,013 - INFO - Testing connection to (localdb)\\MSSQLLocalDB
2025-04-24 19:38:33,018 - INFO - Attempting connection with string: ****D****R****I****V****E****R****=****{****O****D****B****C**** ****D****r****i****v****e****r**** ****1****7**** ****f****o****r**** ****S****Q****L**** ****S****e****r****v****e****r****}****;****S****E****R****V****E****R****=****(****l****o****c****a****l****d****b****)****\****\****M****S****S****Q****L****L****o****c****a****l****D****B****;****D****A****T****A****B****A****S****E****=****M****e****d****i****c****a****l****S****t****o****r****e****P****O****S****;****T****r****u****s****t****e****d****_****C****o****n****n****e****c****t****i****o****n****=****y****e****s****;****
2025-04-24 19:38:48,050 - ERROR - Connection failed: ('08001', '[08001] [Microsoft][ODBC Driver 17 for SQL Server]SQL Server Network Interfaces:  (-1983577829) (SQLDriverConnect); [08001] [Microsoft][ODBC Driver 17 for SQL Server]Login timeout expired (0); [08001] [Microsoft][ODBC Driver 17 for SQL Server]A network-related or instance-specific error has occurred while establishing a connection to SQL Server. Server is not found or not accessible. Check if instance name is correct and if SQL Server is configured to allow remote connections. For more information see SQL Server Books Online. (-1983577829)')
2025-04-24 20:49:20,152 - INFO - Application started
2025-04-24 20:49:25,940 - INFO - Testing connection to (localdb)\\MSSQLLocalDB
2025-04-24 20:49:25,944 - INFO - Attempting connection with string: ****D****R****I****V****E****R****=****{****O****D****B****C**** ****D****r****i****v****e****r**** ****1****7**** ****f****o****r**** ****S****Q****L**** ****S****e****r****v****e****r****}****;****S****E****R****V****E****R****=****(****l****o****c****a****l****d****b****)****\****\****M****S****S****Q****L****L****o****c****a****l****D****B****;****D****A****T****A****B****A****S****E****=****M****e****d****i****c****a****l****S****t****o****r****e****P****O****S****;****T****r****u****s****t****e****d****_****C****o****n****n****e****c****t****i****o****n****=****y****e****s****;****
2025-04-24 20:49:40,982 - ERROR - Connection failed: ('08001', '[08001] [Microsoft][ODBC Driver 17 for SQL Server]SQL Server Network Interfaces:  (-1983577829) (SQLDriverConnect); [08001] [Microsoft][ODBC Driver 17 for SQL Server]Login timeout expired (0); [08001] [Microsoft][ODBC Driver 17 for SQL Server]A network-related or instance-specific error has occurred while establishing a connection to SQL Server. Server is not found or not accessible. Check if instance name is correct and if SQL Server is configured to allow remote connections. For more information see SQL Server Books Online. (-1983577829)')
2025-04-24 20:50:07,324 - INFO - Testing connection to (localdb)\\MSSQLLocalDB
2025-04-24 20:50:07,324 - INFO - Attempting connection with string: ****D****R****I****V****E****R****=****{****O****D****B****C**** ****D****r****i****v****e****r**** ****1****7**** ****f****o****r**** ****S****Q****L**** ****S****e****r****v****e****r****}****;****S****E****R****V****E****R****=****(****l****o****c****a****l****d****b****)****\****\****M****S****S****Q****L****L****o****c****a****l****D****B****;****D****A****T****A****B****A****S****E****=****M****e****d****i****c****a****l****S****t****o****r****e****P****O****S****;****T****r****u****s****t****e****d****_****C****o****n****n****e****c****t****i****o****n****=****y****e****s****;****
2025-04-24 20:50:22,329 - ERROR - Connection failed: ('08001', '[08001] [Microsoft][ODBC Driver 17 for SQL Server]SQL Server Network Interfaces:  (-1983577829) (SQLDriverConnect); [08001] [Microsoft][ODBC Driver 17 for SQL Server]Login timeout expired (0); [08001] [Microsoft][ODBC Driver 17 for SQL Server]A network-related or instance-specific error has occurred while establishing a connection to SQL Server. Server is not found or not accessible. Check if instance name is correct and if SQL Server is configured to allow remote connections. For more information see SQL Server Books Online. (-1983577829)')
2025-04-24 20:54:39,549 - INFO - Application started
2025-04-24 20:54:47,871 - INFO - Testing connection to (localdb)\\MSSQLLocalDB
2025-04-24 20:54:47,876 - INFO - Attempting connection with string: ****D****R****I****V****E****R****=****{****O****D****B****C**** ****D****r****i****v****e****r**** ****1****7**** ****f****o****r**** ****S****Q****L**** ****S****e****r****v****e****r****}****;****S****E****R****V****E****R****=****(****l****o****c****a****l****d****b****)****\****\****\****\****M****S****S****Q****L****L****o****c****a****l****D****B****;****D****A****T****A****B****A****S****E****=****M****e****d****i****c****a****l****S****t****o****r****e****P****O****S****;****T****r****u****s****t****e****d****_****C****o****n****n****e****c****t****i****o****n****=****y****e****s****;****
2025-04-24 20:55:02,900 - ERROR - Connection failed: ('08001', '[08001] [Microsoft][ODBC Driver 17 for SQL Server]SQL Server Network Interfaces:  (-1983577829) (SQLDriverConnect); [08001] [Microsoft][ODBC Driver 17 for SQL Server]Login timeout expired (0); [08001] [Microsoft][ODBC Driver 17 for SQL Server]A network-related or instance-specific error has occurred while establishing a connection to SQL Server. Server is not found or not accessible. Check if instance name is correct and if SQL Server is configured to allow remote connections. For more information see SQL Server Books Online. (-1983577829)')
2025-04-24 21:01:39,471 - INFO - Application started
2025-04-24 21:09:38,897 - INFO - Application started
2025-04-24 21:09:45,352 - INFO - Testing connection to (localdb)\MSSQLLocalDB
2025-04-24 21:09:45,352 - INFO - Attempting connection with string: ****D****R****I****V****E****R****=****{****O****D****B****C**** ****D****r****i****v****e****r**** ****1****7**** ****f****o****r**** ****S****Q****L**** ****S****e****r****v****e****r****}****;****S****e****r****v****e****r****=****(****l****o****c****a****l****d****b****)****\****M****S****S****Q****L****L****o****c****a****l****D****B****;****D****a****t****a****b****a****s****e****=****M****e****d****i****c****a****l****S****t****o****r****e****P****O****S****;****T****r****u****s****t****e****d****_****C****o****n****n****e****c****t****i****o****n****=****y****e****s****;****
2025-04-24 21:09:46,666 - INFO - Connection successful
2025-04-24 21:10:25,866 - INFO - Testing connection to (localdb)\MSSQLLocalDB
2025-04-24 21:10:25,867 - INFO - Attempting connection with string: ****D****R****I****V****E****R****=****{****O****D****B****C**** ****D****r****i****v****e****r**** ****1****7**** ****f****o****r**** ****S****Q****L**** ****S****e****r****v****e****r****}****;****S****e****r****v****e****r****=****(****l****o****c****a****l****d****b****)****\****M****S****S****Q****L****L****o****c****a****l****D****B****;****D****a****t****a****b****a****s****e****=****M****e****d****i****c****a****l****S****t****o****r****e****P****O****S****;****T****r****u****s****t****e****d****_****C****o****n****n****e****c****t****i****o****n****=****y****e****s****;****
2025-04-24 21:10:25,874 - INFO - Connection successful
2025-04-24 21:10:25,877 - INFO - Analysis started for D:\New folder (6)\AutoIndex\workload.sql
2025-04-24 21:10:25,978 - INFO - Analysis completed
2025-04-24 21:12:45,274 - INFO - Application started
2025-04-24 21:12:49,705 - INFO - Testing connection to (localdb)\MSSQLLocalDB
2025-04-24 21:12:49,706 - INFO - Attempting connection with string: ****D****R****I****V****E****R****=****{****O****D****B****C**** ****D****r****i****v****e****r**** ****1****7**** ****f****o****r**** ****S****Q****L**** ****S****e****r****v****e****r****}****;****S****e****r****v****e****r****=****(****l****o****c****a****l****d****b****)****\****M****S****S****Q****L****L****o****c****a****l****D****B****;****D****a****t****a****b****a****s****e****=****M****e****d****i****c****a****l****S****t****o****r****e****P****O****S****;****T****r****u****s****t****e****d****_****C****o****n****n****e****c****t****i****o****n****=****y****e****s****;****
2025-04-24 21:12:49,864 - INFO - Connection successful
2025-04-24 21:12:52,980 - INFO - Testing connection to (localdb)\MSSQLLocalDB
2025-04-24 21:12:52,980 - INFO - Attempting connection with string: ****D****R****I****V****E****R****=****{****O****D****B****C**** ****D****r****i****v****e****r**** ****1****7**** ****f****o****r**** ****S****Q****L**** ****S****e****r****v****e****r****}****;****S****e****r****v****e****r****=****(****l****o****c****a****l****d****b****)****\****M****S****S****Q****L****L****o****c****a****l****D****B****;****D****a****t****a****b****a****s****e****=****M****e****d****i****c****a****l****S****t****o****r****e****P****O****S****;****T****r****u****s****t****e****d****_****C****o****n****n****e****c****t****i****o****n****=****y****e****s****;****
2025-04-24 21:12:52,982 - INFO - Connection successful
2025-04-24 21:12:52,984 - INFO - Analysis started for D:\New folder (6)\AutoIndex\workload.sql
2025-04-24 21:12:53,071 - INFO - Analysis completed
2025-04-24 21:42:13,018 - INFO - Application started
2025-04-24 21:42:19,062 - INFO - Testing connection to (localdb)\MSSQLLocalDB
2025-04-24 21:42:19,080 - INFO - Attempting connection with string: ****D****R****I****V****E****R****=****{****O****D****B****C**** ****D****r****i****v****e****r**** ****1****7**** ****f****o****r**** ****S****Q****L**** ****S****e****r****v****e****r****}****;****S****e****r****v****e****r****=****(****l****o****c****a****l****d****b****)****\****M****S****S****Q****L****L****o****c****a****l****D****B****;****D****a****t****a****b****a****s****e****=****M****e****d****i****c****a****l****S****t****o****r****e****P****O****S****;****T****r****u****s****t****e****d****_****C****o****n****n****e****c****t****i****o****n****=****y****e****s****;****
2025-04-24 21:42:20,891 - INFO - Connection successful
2025-04-24 21:42:27,102 - INFO - Testing connection to (localdb)\MSSQLLocalDB
2025-04-24 21:42:27,105 - INFO - Attempting connection with string: ****D****R****I****V****E****R****=****{****O****D****B****C**** ****D****r****i****v****e****r**** ****1****7**** ****f****o****r**** ****S****Q****L**** ****S****e****r****v****e****r****}****;****S****e****r****v****e****r****=****(****l****o****c****a****l****d****b****)****\****M****S****S****Q****L****L****o****c****a****l****D****B****;****D****a****t****a****b****a****s****e****=****M****e****d****i****c****a****l****S****t****o****r****e****P****O****S****;****T****r****u****s****t****e****d****_****C****o****n****n****e****c****t****i****o****n****=****y****e****s****;****
2025-04-24 21:42:27,113 - INFO - Connection successful
2025-04-24 21:42:29,442 - INFO - Analysis started for D:\New folder (6)\AutoIndex\workload.sql
2025-04-24 21:42:29,554 - INFO - Analysis completed
2025-04-24 21:42:31,193 - INFO - Testing connection to (localdb)\MSSQLLocalDB
2025-04-24 21:42:31,197 - INFO - Attempting connection with string: ****D****R****I****V****E****R****=****{****O****D****B****C**** ****D****r****i****v****e****r**** ****1****7**** ****f****o****r**** ****S****Q****L**** ****S****e****r****v****e****r****}****;****S****e****r****v****e****r****=****(****l****o****c****a****l****d****b****)****\****M****S****S****Q****L****L****o****c****a****l****D****B****;****D****a****t****a****b****a****s****e****=****M****e****d****i****c****a****l****S****t****o****r****e****P****O****S****;****T****r****u****s****t****e****d****_****C****o****n****n****e****c****t****i****o****n****=****y****e****s****;****
2025-04-24 21:42:31,199 - INFO - Connection successful
2025-04-24 21:42:32,994 - INFO - Analysis started for D:\New folder (6)\AutoIndex\workload.sql
2025-04-24 21:42:33,081 - INFO - Analysis completed
2025-04-24 21:50:41,250 - INFO - Application started
2025-04-24 22:10:47,159 - INFO - Application started
2025-04-24 22:11:45,504 - INFO - Testing connection to (localdb)\MSSQLLocalDB
2025-04-24 22:11:45,521 - INFO - Attempting connection with string: ****D****R****I****V****E****R****=****{****O****D****B****C**** ****D****r****i****v****e****r**** ****1****7**** ****f****o****r**** ****S****Q****L**** ****S****e****r****v****e****r****}****;****S****e****r****v****e****r****=****(****l****o****c****a****l****d****b****)****\****M****S****S****Q****L****L****o****c****a****l****D****B****;****D****a****t****a****b****a****s****e****=****M****e****d****i****c****a****l****S****t****o****r****e****P****O****S****;****T****r****u****s****t****e****d****_****C****o****n****n****e****c****t****i****o****n****=****y****e****s****;****
2025-04-24 22:11:47,336 - INFO - Connection successful
2025-04-24 22:11:55,578 - ERROR - \u274c Error starting analysis: 'SimpleAutoIndexApp' object has no attribute 'max_indexes'
2025-04-24 22:11:55,579 - ERROR - Error starting analysis: 'SimpleAutoIndexApp' object has no attribute 'max_indexes'
2025-04-24 22:11:58,749 - ERROR - \u274c Error starting analysis: 'SimpleAutoIndexApp' object has no attribute 'max_indexes'
2025-04-24 22:11:58,749 - ERROR - Error starting analysis: 'SimpleAutoIndexApp' object has no attribute 'max_indexes'
2025-04-24 22:12:02,658 - INFO - Testing connection to (localdb)\MSSQLLocalDB
2025-04-24 22:12:02,664 - INFO - Attempting connection with string: ****D****R****I****V****E****R****=****{****O****D****B****C**** ****D****r****i****v****e****r**** ****1****7**** ****f****o****r**** ****S****Q****L**** ****S****e****r****v****e****r****}****;****S****e****r****v****e****r****=****(****l****o****c****a****l****d****b****)****\****M****S****S****Q****L****L****o****c****a****l****D****B****;****D****a****t****a****b****a****s****e****=****M****e****d****i****c****a****l****S****t****o****r****e****P****O****S****;****T****r****u****s****t****e****d****_****C****o****n****n****e****c****t****i****o****n****=****y****e****s****;****
2025-04-24 22:12:02,672 - INFO - Connection successful
2025-04-24 22:12:05,416 - ERROR - \u274c Error starting analysis: 'SimpleAutoIndexApp' object has no attribute 'max_indexes'
2025-04-24 22:12:05,416 - ERROR - Error starting analysis: 'SimpleAutoIndexApp' object has no attribute 'max_indexes'
2025-04-24 22:18:50,381 - INFO - Application started
2025-04-24 22:18:56,043 - INFO - Testing connection to (localdb)\MSSQLLocalDB
2025-04-24 22:18:56,061 - INFO - Attempting connection with string: ****D****R****I****V****E****R****=****{****O****D****B****C**** ****D****r****i****v****e****r**** ****1****7**** ****f****o****r**** ****S****Q****L**** ****S****e****r****v****e****r****}****;****S****e****r****v****e****r****=****(****l****o****c****a****l****d****b****)****\****M****S****S****Q****L****L****o****c****a****l****D****B****;****D****a****t****a****b****a****s****e****=****M****e****d****i****c****a****l****S****t****o****r****e****P****O****S****;****T****r****u****s****t****e****d****_****C****o****n****n****e****c****t****i****o****n****=****y****e****s****;****
2025-04-24 22:18:57,853 - INFO - Connection successful
2025-04-24 22:19:00,446 - INFO - Testing connection to (localdb)\MSSQLLocalDB
2025-04-24 22:19:00,448 - INFO - Attempting connection with string: ****D****R****I****V****E****R****=****{****O****D****B****C**** ****D****r****i****v****e****r**** ****1****7**** ****f****o****r**** ****S****Q****L**** ****S****e****r****v****e****r****}****;****S****e****r****v****e****r****=****(****l****o****c****a****l****d****b****)****\****M****S****S****Q****L****L****o****c****a****l****D****B****;****D****a****t****a****b****a****s****e****=****M****e****d****i****c****a****l****S****t****o****r****e****P****O****S****;****T****r****u****s****t****e****d****_****C****o****n****n****e****c****t****i****o****n****=****y****e****s****;****
2025-04-24 22:19:00,456 - INFO - Connection successful
2025-04-24 22:19:02,541 - INFO - Analysis started for D:\New folder (6)\AutoIndex\workload.sql
2025-04-24 22:19:02,651 - INFO - Analysis completed
2025-04-24 22:28:51,231 - INFO - Application started
2025-04-24 22:29:02,229 - INFO - Testing connection to (localdb)\MSSQLLocalDB
2025-04-24 22:29:02,250 - INFO - Attempting connection with string: ****D****R****I****V****E****R****=****{****O****D****B****C**** ****D****r****i****v****e****r**** ****1****7**** ****f****o****r**** ****S****Q****L**** ****S****e****r****v****e****r****}****;****S****e****r****v****e****r****=****(****l****o****c****a****l****d****b****)****\****M****S****S****Q****L****L****o****c****a****l****D****B****;****D****a****t****a****b****a****s****e****=****M****e****d****i****c****a****l****S****t****o****r****e****P****O****S****;****T****r****u****s****t****e****d****_****C****o****n****n****e****c****t****i****o****n****=****y****e****s****;****
2025-04-24 22:29:04,100 - INFO - Connection successful
2025-04-24 22:29:16,198 - INFO - Testing connection to (localdb)\MSSQLLocalDB
2025-04-24 22:29:16,201 - INFO - Attempting connection with string: ****D****R****I****V****E****R****=****{****O****D****B****C**** ****D****r****i****v****e****r**** ****1****7**** ****f****o****r**** ****S****Q****L**** ****S****e****r****v****e****r****}****;****S****e****r****v****e****r****=****(****l****o****c****a****l****d****b****)****\****M****S****S****Q****L****L****o****c****a****l****D****B****;****D****a****t****a****b****a****s****e****=****M****e****d****i****c****a****l****S****t****o****r****e****P****O****S****;****T****r****u****s****t****e****d****_****C****o****n****n****e****c****t****i****o****n****=****y****e****s****;****
2025-04-24 22:29:16,207 - INFO - Connection successful
2025-04-24 22:29:18,726 - INFO - Analysis started for D:\New folder (6)\AutoIndex\workload.sql
2025-04-24 22:29:18,826 - INFO - Analysis completed
2025-04-24 22:42:14,202 - INFO - Application started
2025-04-24 22:42:19,153 - INFO - Testing connection to (localdb)\MSSQLLocalDB
2025-04-24 22:42:19,172 - INFO - Attempting connection with string: ****D****R****I****V****E****R****=****{****O****D****B****C**** ****D****r****i****v****e****r**** ****1****7**** ****f****o****r**** ****S****Q****L**** ****S****e****r****v****e****r****}****;****S****e****r****v****e****r****=****(****l****o****c****a****l****d****b****)****\****M****S****S****Q****L****L****o****c****a****l****D****B****;****D****a****t****a****b****a****s****e****=****M****e****d****i****c****a****l****S****t****o****r****e****P****O****S****;****T****r****u****s****t****e****d****_****C****o****n****n****e****c****t****i****o****n****=****y****e****s****;****
2025-04-24 22:42:21,266 - INFO - Connection successful
2025-04-24 22:42:26,819 - INFO - Testing connection to (localdb)\MSSQLLocalDB
2025-04-24 22:42:26,823 - INFO - Attempting connection with string: ****D****R****I****V****E****R****=****{****O****D****B****C**** ****D****r****i****v****e****r**** ****1****7**** ****f****o****r**** ****S****Q****L**** ****S****e****r****v****e****r****}****;****S****e****r****v****e****r****=****(****l****o****c****a****l****d****b****)****\****M****S****S****Q****L****L****o****c****a****l****D****B****;****D****a****t****a****b****a****s****e****=****M****e****d****i****c****a****l****S****t****o****r****e****P****O****S****;****T****r****u****s****t****e****d****_****C****o****n****n****e****c****t****i****o****n****=****y****e****s****;****
2025-04-24 22:42:26,830 - INFO - Connection successful
2025-04-24 22:42:28,460 - INFO - Analysis started for D:\New folder (6)\AutoIndex\workload.sql
2025-04-24 22:42:28,568 - INFO - Analysis completed
2025-04-24 22:47:20,253 - INFO - Application started
2025-04-24 22:47:30,455 - INFO - Testing connection to (localdb)\MSSQLLocalDB
2025-04-24 22:47:30,473 - INFO - Attempting connection with string: ****D****R****I****V****E****R****=****{****O****D****B****C**** ****D****r****i****v****e****r**** ****1****7**** ****f****o****r**** ****S****Q****L**** ****S****e****r****v****e****r****}****;****S****e****r****v****e****r****=****(****l****o****c****a****l****d****b****)****\****M****S****S****Q****L****L****o****c****a****l****D****B****;****D****a****t****a****b****a****s****e****=****M****e****d****i****c****a****l****S****t****o****r****e****P****O****S****;****T****r****u****s****t****e****d****_****C****o****n****n****e****c****t****i****o****n****=****y****e****s****;****
2025-04-24 22:47:31,833 - INFO - Connection successful
2025-04-24 22:47:34,972 - INFO - Testing connection to (localdb)\MSSQLLocalDB
2025-04-24 22:47:34,975 - INFO - Attempting connection with string: ****D****R****I****V****E****R****=****{****O****D****B****C**** ****D****r****i****v****e****r**** ****1****7**** ****f****o****r**** ****S****Q****L**** ****S****e****r****v****e****r****}****;****S****e****r****v****e****r****=****(****l****o****c****a****l****d****b****)****\****M****S****S****Q****L****L****o****c****a****l****D****B****;****D****a****t****a****b****a****s****e****=****M****e****d****i****c****a****l****S****t****o****r****e****P****O****S****;****T****r****u****s****t****e****d****_****C****o****n****n****e****c****t****i****o****n****=****y****e****s****;****
2025-04-24 22:47:34,977 - INFO - Connection successful
2025-04-24 22:47:36,882 - INFO - Analysis started for D:\New folder (6)\AutoIndex\workload.sql
2025-04-24 22:47:36,996 - INFO - Analysis completed
2025-04-24 22:50:49,546 - INFO - Application started
2025-04-24 22:50:56,276 - INFO - Testing connection to (localdb)\MSSQLLocalDB
2025-04-24 22:50:56,294 - INFO - Attempting connection with string: ****D****R****I****V****E****R****=****{****O****D****B****C**** ****D****r****i****v****e****r**** ****1****7**** ****f****o****r**** ****S****Q****L**** ****S****e****r****v****e****r****}****;****S****e****r****v****e****r****=****(****l****o****c****a****l****d****b****)****\****M****S****S****Q****L****L****o****c****a****l****D****B****;****D****a****t****a****b****a****s****e****=****M****e****d****i****c****a****l****S****t****o****r****e****P****O****S****;****T****r****u****s****t****e****d****_****C****o****n****n****e****c****t****i****o****n****=****y****e****s****;****
2025-04-24 22:50:57,202 - INFO - Connection successful
2025-04-24 22:51:00,533 - INFO - Testing connection to (localdb)\MSSQLLocalDB
2025-04-24 22:51:00,541 - INFO - Attempting connection with string: ****D****R****I****V****E****R****=****{****O****D****B****C**** ****D****r****i****v****e****r**** ****1****7**** ****f****o****r**** ****S****Q****L**** ****S****e****r****v****e****r****}****;****S****e****r****v****e****r****=****(****l****o****c****a****l****d****b****)****\****M****S****S****Q****L****L****o****c****a****l****D****B****;****D****a****t****a****b****a****s****e****=****M****e****d****i****c****a****l****S****t****o****r****e****P****O****S****;****T****r****u****s****t****e****d****_****C****o****n****n****e****c****t****i****o****n****=****y****e****s****;****
2025-04-24 22:51:00,549 - INFO - Connection successful
2025-04-24 22:51:01,878 - INFO - Analysis started for D:\New folder (6)\AutoIndex\workload.sql
2025-04-24 22:51:01,997 - INFO - Analysis completed
2025-04-24 22:57:14,972 - INFO - Application started
2025-04-24 22:57:17,262 - INFO - Testing connection to (localdb)\MSSQLLocalDB
2025-04-24 22:57:17,276 - INFO - Attempting connection with string: ****D****R****I****V****E****R****=****{****O****D****B****C**** ****D****r****i****v****e****r**** ****1****7**** ****f****o****r**** ****S****Q****L**** ****S****e****r****v****e****r****}****;****S****e****r****v****e****r****=****(****l****o****c****a****l****d****b****)****\****M****S****S****Q****L****L****o****c****a****l****D****B****;****D****a****t****a****b****a****s****e****=****M****e****d****i****c****a****l****S****t****o****r****e****P****O****S****;****T****r****u****s****t****e****d****_****C****o****n****n****e****c****t****i****o****n****=****y****e****s****;****
2025-04-24 22:57:19,437 - INFO - Connection successful
2025-04-24 22:57:22,737 - INFO - Testing connection to (localdb)\MSSQLLocalDB
2025-04-24 22:57:22,740 - INFO - Attempting connection with string: ****D****R****I****V****E****R****=****{****O****D****B****C**** ****D****r****i****v****e****r**** ****1****7**** ****f****o****r**** ****S****Q****L**** ****S****e****r****v****e****r****}****;****S****e****r****v****e****r****=****(****l****o****c****a****l****d****b****)****\****M****S****S****Q****L****L****o****c****a****l****D****B****;****D****a****t****a****b****a****s****e****=****M****e****d****i****c****a****l****S****t****o****r****e****P****O****S****;****T****r****u****s****t****e****d****_****C****o****n****n****e****c****t****i****o****n****=****y****e****s****;****
2025-04-24 22:57:22,747 - INFO - Connection successful
2025-04-24 22:57:24,490 - INFO - Analysis started for D:\New folder (6)\AutoIndex\workload.sql
2025-04-24 22:57:24,606 - INFO - Analysis completed
2025-04-24 23:08:06,838 - INFO - Application started
2025-04-24 23:08:11,043 - INFO - Testing connection to (localdb)\MSSQLLocalDB
2025-04-24 23:08:11,062 - INFO - Attempting connection with string: ****D****R****I****V****E****R****=****{****O****D****B****C**** ****D****r****i****v****e****r**** ****1****7**** ****f****o****r**** ****S****Q****L**** ****S****e****r****v****e****r****}****;****S****e****r****v****e****r****=****(****l****o****c****a****l****d****b****)****\****M****S****S****Q****L****L****o****c****a****l****D****B****;****D****a****t****a****b****a****s****e****=****M****e****d****i****c****a****l****S****t****o****r****e****P****O****S****;****T****r****u****s****t****e****d****_****C****o****n****n****e****c****t****i****o****n****=****y****e****s****;****
2025-04-24 23:08:12,979 - INFO - Connection successful
2025-04-24 23:08:16,528 - INFO - Testing connection to (localdb)\MSSQLLocalDB
2025-04-24 23:08:16,532 - INFO - Attempting connection with string: ****D****R****I****V****E****R****=****{****O****D****B****C**** ****D****r****i****v****e****r**** ****1****7**** ****f****o****r**** ****S****Q****L**** ****S****e****r****v****e****r****}****;****S****e****r****v****e****r****=****(****l****o****c****a****l****d****b****)****\****M****S****S****Q****L****L****o****c****a****l****D****B****;****D****a****t****a****b****a****s****e****=****M****e****d****i****c****a****l****S****t****o****r****e****P****O****S****;****T****r****u****s****t****e****d****_****C****o****n****n****e****c****t****i****o****n****=****y****e****s****;****
2025-04-24 23:08:16,536 - INFO - Connection successful
2025-04-24 23:08:18,400 - INFO - Analysis started for D:\New folder (6)\AutoIndex\workload.sql
2025-04-24 23:08:18,519 - INFO - Analysis completed
2025-04-24 23:20:08,504 - INFO - Application started
2025-04-24 23:20:10,651 - INFO - Testing connection to (localdb)\MSSQLLocalDB
2025-04-24 23:20:10,663 - INFO - Attempting connection with string: ****D****R****I****V****E****R****=****{****O****D****B****C**** ****D****r****i****v****e****r**** ****1****7**** ****f****o****r**** ****S****Q****L**** ****S****e****r****v****e****r****}****;****S****e****r****v****e****r****=****(****l****o****c****a****l****d****b****)****\****M****S****S****Q****L****L****o****c****a****l****D****B****;****D****a****t****a****b****a****s****e****=****M****e****d****i****c****a****l****S****t****o****r****e****P****O****S****;****T****r****u****s****t****e****d****_****C****o****n****n****e****c****t****i****o****n****=****y****e****s****;****
2025-04-24 23:20:13,167 - INFO - Connection successful
2025-04-24 23:20:17,092 - INFO - Testing connection to (localdb)\MSSQLLocalDB
2025-04-24 23:20:17,094 - INFO - Attempting connection with string: ****D****R****I****V****E****R****=****{****O****D****B****C**** ****D****r****i****v****e****r**** ****1****7**** ****f****o****r**** ****S****Q****L**** ****S****e****r****v****e****r****}****;****S****e****r****v****e****r****=****(****l****o****c****a****l****d****b****)****\****M****S****S****Q****L****L****o****c****a****l****D****B****;****D****a****t****a****b****a****s****e****=****M****e****d****i****c****a****l****S****t****o****r****e****P****O****S****;****T****r****u****s****t****e****d****_****C****o****n****n****e****c****t****i****o****n****=****y****e****s****;****
2025-04-24 23:20:17,096 - INFO - Connection successful
2025-04-24 23:20:19,151 - INFO - Analysis started for D:\New folder (6)\AutoIndex\workload.sql
2025-04-24 23:20:19,346 - INFO - Analysis completed
2025-04-24 23:43:37,573 - INFO - Application started
2025-04-24 23:43:40,027 - INFO - Testing connection to (localdb)\MSSQLLocalDB
2025-04-24 23:43:40,046 - INFO - Attempting connection with string: ****D****R****I****V****E****R****=****{****O****D****B****C**** ****D****r****i****v****e****r**** ****1****7**** ****f****o****r**** ****S****Q****L**** ****S****e****r****v****e****r****}****;****S****e****r****v****e****r****=****(****l****o****c****a****l****d****b****)****\****M****S****S****Q****L****L****o****c****a****l****D****B****;****D****a****t****a****b****a****s****e****=****M****e****d****i****c****a****l****S****t****o****r****e****P****O****S****;****T****r****u****s****t****e****d****_****C****o****n****n****e****c****t****i****o****n****=****y****e****s****;****
2025-04-24 23:43:41,961 - INFO - Connection successful
2025-04-24 23:43:45,234 - INFO - Testing connection to (localdb)\MSSQLLocalDB
2025-04-24 23:43:45,238 - INFO - Attempting connection with string: ****D****R****I****V****E****R****=****{****O****D****B****C**** ****D****r****i****v****e****r**** ****1****7**** ****f****o****r**** ****S****Q****L**** ****S****e****r****v****e****r****}****;****S****e****r****v****e****r****=****(****l****o****c****a****l****d****b****)****\****M****S****S****Q****L****L****o****c****a****l****D****B****;****D****a****t****a****b****a****s****e****=****M****e****d****i****c****a****l****S****t****o****r****e****P****O****S****;****T****r****u****s****t****e****d****_****C****o****n****n****e****c****t****i****o****n****=****y****e****s****;****
2025-04-24 23:43:45,243 - INFO - Connection successful
2025-04-24 23:43:46,784 - INFO - Analysis started for D:\New folder (6)\AutoIndex\workload.sql
2025-04-24 23:43:46,919 - INFO - Analysis completed
2025-04-24 23:47:05,172 - INFO - Application started
2025-04-24 23:55:36,902 - INFO - Application started
2025-04-24 23:55:38,899 - INFO - Testing connection to (localdb)\MSSQLLocalDB
2025-04-24 23:55:38,919 - INFO - Attempting connection with string: ****D****R****I****V****E****R****=****{****O****D****B****C**** ****D****r****i****v****e****r**** ****1****7**** ****f****o****r**** ****S****Q****L**** ****S****e****r****v****e****r****}****;****S****e****r****v****e****r****=****(****l****o****c****a****l****d****b****)****\****M****S****S****Q****L****L****o****c****a****l****D****B****;****D****a****t****a****b****a****s****e****=****M****e****d****i****c****a****l****S****t****o****r****e****P****O****S****;****T****r****u****s****t****e****d****_****C****o****n****n****e****c****t****i****o****n****=****y****e****s****;****
2025-04-24 23:55:40,727 - INFO - Connection successful
2025-04-24 23:55:44,610 - INFO - Testing connection to (localdb)\MSSQLLocalDB
2025-04-24 23:55:44,613 - INFO - Attempting connection with string: ****D****R****I****V****E****R****=****{****O****D****B****C**** ****D****r****i****v****e****r**** ****1****7**** ****f****o****r**** ****S****Q****L**** ****S****e****r****v****e****r****}****;****S****e****r****v****e****r****=****(****l****o****c****a****l****d****b****)****\****M****S****S****Q****L****L****o****c****a****l****D****B****;****D****a****t****a****b****a****s****e****=****M****e****d****i****c****a****l****S****t****o****r****e****P****O****S****;****T****r****u****s****t****e****d****_****C****o****n****n****e****c****t****i****o****n****=****y****e****s****;****
2025-04-24 23:55:44,621 - INFO - Connection successful
2025-04-24 23:55:46,304 - INFO - Analysis started for D:\New folder (6)\AutoIndex\workload.sql
2025-04-24 23:55:46,431 - INFO - Analysis completed
